#
# There is insufficient memory for the Java Runtime Environment to continue.
# Native memory allocation (malloc) failed to allocate 1889552 bytes. Error detail: Chunk::new
# Possible reasons:
#   The system is out of physical RAM or swap space
#   This process is running with CompressedOops enabled, and the Java Heap may be blocking the growth of the native heap
# Possible solutions:
#   Reduce memory load on the system
#   Increase physical memory or swap space
#   Check if swap backing store is full
#   Decrease Java heap size (-Xmx/-Xms)
#   Decrease number of Java threads
#   Decrease Java thread stack sizes (-Xss)
#   Set larger code cache with -XX:ReservedCodeCacheSize=
#   JVM is running with Unscaled Compressed Oops mode in which the Java heap is
#     placed in the first 4GB address space. The Java Heap base address is the
#     maximum limit for the native heap growth. Please use -XX:HeapBaseMinAddress
#     to set the Java Heap base and to place the Java Heap above 4GB virtual address.
# This output file may be truncated or incomplete.
#
#  Out of Memory Error (arena.cpp:168), pid=55868, tid=70952
#
# JRE version: OpenJDK Runtime Environment Temurin-21.0.10+7 (21.0.10+7) (build 21.0.10+7-LTS)
# Java VM: OpenJDK 64-Bit Server VM Temurin-21.0.10+7 (21.0.10+7-LTS, mixed mode, sharing, tiered, compressed oops, compressed class ptrs, parallel gc, windows-amd64)
# No core dump will be written. Minidumps are not enabled by default on client versions of Windows
#

---------------  S U M M A R Y ------------

Command Line: --add-modules=ALL-SYSTEM --add-opens=java.base/java.util=ALL-UNNAMED --add-opens=java.base/java.lang=ALL-UNNAMED --add-opens=java.base/sun.nio.fs=ALL-UNNAMED -Declipse.application=org.eclipse.jdt.ls.core.id1 -Dosgi.bundles.defaultStartLevel=4 -Declipse.product=org.eclipse.jdt.ls.core.product -Djava.import.generatesMetadataFilesAtProjectRoot=false -DDetectVMInstallationsJob.disabled=true -Dfile.encoding=utf8 -XX:+UseParallelGC -XX:GCTimeRatio=4 -XX:AdaptiveSizePolicyWeight=90 -Dsun.zip.disableMemoryMapping=true -Xmx2G -Xms100m -Xlog:disable -javaagent:c:\Users\1\.trae-cn\extensions\redhat.java-1.53.0-win32-x64\lombok\lombok-1.18.39-4050.jar c:\Users\1\.trae-cn\extensions\redhat.java-1.53.0-win32-x64\server\plugins\org.eclipse.equinox.launcher_1.7.100.v20251111-0406.jar -configuration c:\Users\1\AppData\Roaming\Trae CN\User\globalStorage\redhat.java\1.53.0\config_ss_win -data c:\Users\1\AppData\Roaming\Trae CN\User\workspaceStorage\0301da3dde09e821a5fc0d72157c4c67\redhat.java\ss_ws --pipe=\\.\pipe\lsp-cf8ce112d1841403b667d4749e07b8cd-sock

Host: 12th Gen Intel(R) Core(TM) i5-12450H, 12 cores, 15G,  Windows 11 , 64 bit Build 26100 (10.0.26100.7920)
Time: Sun Mar  1 16:55:35 2026 elapsed time: 5.101561 seconds (0d 0h 0m 5s)

---------------  T H R E A D  ---------------

Current thread (0x0000026efc168fe0):  JavaThread "C2 CompilerThread1" daemon [_thread_in_native, id=70952, stack(0x00000082a6b00000,0x00000082a6c00000) (1024K)]


Current CompileTask:
C2:5101 2617       4       org.lombokweb.asm.ClassReader::readMethod (1070 bytes)

Stack: [0x00000082a6b00000,0x00000082a6c00000]
Native frames: (J=compiled Java code, j=interpreted, Vv=VM code, C=native code)
V  [jvm.dll+0x6d7a39]
V  [jvm.dll+0x8b4b26]
V  [jvm.dll+0x8b70de]
V  [jvm.dll+0x8b77c3]
V  [jvm.dll+0x284346]
V  [jvm.dll+0xc66ed]
V  [jvm.dll+0xc6c31]
V  [jvm.dll+0x3bec3b]
V  [jvm.dll+0x1e3f69]
V  [jvm.dll+0x24c6b3]
V  [jvm.dll+0x24bb40]
V  [jvm.dll+0x1cb34e]
V  [jvm.dll+0x25b85d]
V  [jvm.dll+0x259dea]
V  [jvm.dll+0x3f857e]
V  [jvm.dll+0x85f59d]
V  [jvm.dll+0x6d626d]
C  [ucrtbase.dll+0x37b0]
C  [KERNEL32.DLL+0x2e8d7]
C  [ntdll.dll+0x8c48c]


---------------  P R O C E S S  ---------------

Threads class SMR info:
_java_thread_list=0x0000026efc6fcb70, length=20, elements={
0x0000026e9db40d00, 0x0000026ef6798670, 0x0000026ef679d270, 0x0000026ef67a2480,
0x0000026ef67a2ee0, 0x0000026e9dbdffd0, 0x0000026e9dbe1a40, 0x0000026e9dbe9340,
0x0000026e9dbf0790, 0x0000026ef699b770, 0x0000026ef6ad97d0, 0x0000026efc106fa0,
0x0000026efc26b6a0, 0x0000026ef7e58280, 0x0000026ef7de7740, 0x0000026efc168fe0,
0x0000026efc1d0410, 0x0000026efc348480, 0x0000026efc3862a0, 0x0000026efc63c050
}

Java Threads: ( => current thread )
  0x0000026e9db40d00 JavaThread "main"                              [_thread_blocked, id=73116, stack(0x00000082a5c00000,0x00000082a5d00000) (1024K)]
  0x0000026ef6798670 JavaThread "Reference Handler"          daemon [_thread_blocked, id=73352, stack(0x00000082a6000000,0x00000082a6100000) (1024K)]
  0x0000026ef679d270 JavaThread "Finalizer"                  daemon [_thread_blocked, id=70644, stack(0x00000082a6100000,0x00000082a6200000) (1024K)]
  0x0000026ef67a2480 JavaThread "Signal Dispatcher"          daemon [_thread_blocked, id=66732, stack(0x00000082a6200000,0x00000082a6300000) (1024K)]
  0x0000026ef67a2ee0 JavaThread "Attach Listener"            daemon [_thread_blocked, id=23468, stack(0x00000082a6300000,0x00000082a6400000) (1024K)]
  0x0000026e9dbdffd0 JavaThread "Service Thread"             daemon [_thread_blocked, id=34908, stack(0x00000082a6400000,0x00000082a6500000) (1024K)]
  0x0000026e9dbe1a40 JavaThread "Monitor Deflation Thread"   daemon [_thread_blocked, id=67180, stack(0x00000082a6500000,0x00000082a6600000) (1024K)]
  0x0000026e9dbe9340 JavaThread "C2 CompilerThread0"         daemon [_thread_in_native, id=74656, stack(0x00000082a6600000,0x00000082a6700000) (1024K)]
  0x0000026e9dbf0790 JavaThread "C1 CompilerThread0"         daemon [_thread_blocked, id=64232, stack(0x00000082a6700000,0x00000082a6800000) (1024K)]
  0x0000026ef699b770 JavaThread "Common-Cleaner"             daemon [_thread_blocked, id=37496, stack(0x00000082a6900000,0x00000082a6a00000) (1024K)]
  0x0000026ef6ad97d0 JavaThread "Notification Thread"        daemon [_thread_blocked, id=8396, stack(0x00000082a6a00000,0x00000082a6b00000) (1024K)]
  0x0000026efc106fa0 JavaThread "Active Thread: Equinox Container: 6c4e81b8-e2a3-47c6-a3a5-28a992ade85a"        [_thread_blocked, id=68448, stack(0x00000082a7200000,0x00000082a7300000) (1024K)]
  0x0000026efc26b6a0 JavaThread "Framework Event Dispatcher: Equinox Container: 6c4e81b8-e2a3-47c6-a3a5-28a992ade85a" daemon [_thread_blocked, id=74844, stack(0x00000082a7300000,0x00000082a7400000) (1024K)]
  0x0000026ef7e58280 JavaThread "Start Level: Equinox Container: 6c4e81b8-e2a3-47c6-a3a5-28a992ade85a" daemon [_thread_in_native, id=63584, stack(0x00000082a7400000,0x00000082a7500000) (1024K)]
  0x0000026ef7de7740 JavaThread "SCR Component Actor"        daemon [_thread_blocked, id=46740, stack(0x00000082a6800000,0x00000082a6900000) (1024K)]
=>0x0000026efc168fe0 JavaThread "C2 CompilerThread1"         daemon [_thread_in_native, id=70952, stack(0x00000082a6b00000,0x00000082a6c00000) (1024K)]
  0x0000026efc1d0410 JavaThread "C2 CompilerThread2"         daemon [_thread_blocked, id=20764, stack(0x00000082a7600000,0x00000082a7700000) (1024K)]
  0x0000026efc348480 JavaThread "Worker-JM"                         [_thread_blocked, id=73704, stack(0x00000082a7700000,0x00000082a7800000) (1024K)]
  0x0000026efc3862a0 JavaThread "Worker-0"                          [_thread_blocked, id=65980, stack(0x00000082a7a00000,0x00000082a7b00000) (1024K)]
  0x0000026efc63c050 JavaThread "Worker-1"                          [_thread_blocked, id=35820, stack(0x00000082a7b00000,0x00000082a7c00000) (1024K)]
Total: 20

Other Threads:
  0x0000026eb43244e0 VMThread "VM Thread"                           [id=72036, stack(0x00000082a5f00000,0x00000082a6000000) (1024K)]
  0x0000026eb421ca00 WatcherThread "VM Periodic Task Thread"        [id=73144, stack(0x00000082a5e00000,0x00000082a5f00000) (1024K)]
  0x0000026e9db5f780 WorkerThread "GC Thread#0"                     [id=68076, stack(0x00000082a5d00000,0x00000082a5e00000) (1024K)]
  0x0000026ef7e795b0 WorkerThread "GC Thread#1"                     [id=71104, stack(0x00000082a6c00000,0x00000082a6d00000) (1024K)]
  0x0000026ef7e73b20 WorkerThread "GC Thread#2"                     [id=40168, stack(0x00000082a6d00000,0x00000082a6e00000) (1024K)]
  0x0000026ef7c26650 WorkerThread "GC Thread#3"                     [id=77120, stack(0x00000082a6e00000,0x00000082a6f00000) (1024K)]
  0x0000026ef7c26a00 WorkerThread "GC Thread#4"                     [id=74024, stack(0x00000082a6f00000,0x00000082a7000000) (1024K)]
  0x0000026ef7d97330 WorkerThread "GC Thread#5"                     [id=68664, stack(0x00000082a7000000,0x00000082a7100000) (1024K)]
  0x0000026ef7d976e0 WorkerThread "GC Thread#6"                     [id=72000, stack(0x00000082a7100000,0x00000082a7200000) (1024K)]
  0x0000026ef7926b70 WorkerThread "GC Thread#7"                     [id=72960, stack(0x00000082a7500000,0x00000082a7600000) (1024K)]
  0x0000026efc5f28f0 WorkerThread "GC Thread#8"                     [id=66868, stack(0x00000082a7800000,0x00000082a7900000) (1024K)]
  0x0000026efc5f0f20 WorkerThread "GC Thread#9"                     [id=73436, stack(0x00000082a7900000,0x00000082a7a00000) (1024K)]
Total: 12

Threads with active compile tasks:
C2 CompilerThread0  5971 2803       4       java.lang.invoke.MethodType::makeImpl (109 bytes)
C2 CompilerThread1  5971 2617       4       org.lombokweb.asm.ClassReader::readMethod (1070 bytes)
Total: 2

VM state: not at safepoint (normal execution)

VM Mutex/Monitor currently owned by a thread: None

Heap address: 0x0000000080000000, size: 2048 MB, Compressed Oops mode: 32-bit

CDS archive(s) mapped at: [0x0000026eb5000000-0x0000026eb5ba0000-0x0000026eb5ba0000), size 12189696, SharedBaseAddress: 0x0000026eb5000000, ArchiveRelocationMode: 1.
Compressed class space mapped at: 0x0000026eb6000000-0x0000026ef6000000, reserved size: 1073741824
Narrow klass base: 0x0000026eb5000000, Narrow klass shift: 0, Narrow klass range: 0x100000000

GC Precious Log:
 CardTable entry size: 512
 CPUs: 12 total, 12 available
 Memory: 16092M
 Large Page Support: Disabled
 NUMA Support: Disabled
 Compressed Oops: Enabled (32-bit)
 Alignments: Space 512K, Generation 512K, Heap 2M
 Heap Min Capacity: 100M
 Heap Initial Capacity: 100M
 Heap Max Capacity: 2G
 Pre-touch: Disabled
 Parallel Workers: 10

Heap:
 PSYoungGen      total 30720K, used 10323K [0x00000000d5580000, 0x00000000d7900000, 0x0000000100000000)
  eden space 25088K, 41% used [0x00000000d5580000,0x00000000d5f94fb0,0x00000000d6e00000)
  from space 5632K, 0% used [0x00000000d7380000,0x00000000d7380000,0x00000000d7900000)
  to   space 5632K, 0% used [0x00000000d6e00000,0x00000000d6e00000,0x00000000d7380000)
 ParOldGen       total 68608K, used 10188K [0x0000000080000000, 0x0000000084300000, 0x00000000d5580000)
  object space 68608K, 14% used [0x0000000080000000,0x00000000809f32a0,0x0000000084300000)
 Metaspace       used 22112K, committed 22784K, reserved 1114112K
  class space    used 2126K, committed 2432K, reserved 1048576K

Card table byte_map: [0x0000026e9d3f0000,0x0000026e9d800000] _byte_map_base: 0x0000026e9cff0000

Marking Bits: (ParMarkBitMap*) 0x00007ffda8e23450
 Begin Bits: [0x0000026eafd40000, 0x0000026eb1d40000)
 End Bits:   [0x0000026eb1d40000, 0x0000026eb3d40000)

Polling page: 0x0000026e9b760000

Metaspace:

Usage:
  Non-class:     19.52 MB used.
      Class:      2.08 MB used.
       Both:     21.59 MB used.

Virtual space:
  Non-class space:       64.00 MB reserved,      19.88 MB ( 31%) committed,  1 nodes.
      Class space:        1.00 GB reserved,       2.38 MB ( <1%) committed,  1 nodes.
             Both:        1.06 GB reserved,      22.25 MB (  2%) committed. 

Chunk freelists:
   Non-Class:  11.94 MB
       Class:  13.51 MB
        Both:  25.45 MB

MaxMetaspaceSize: unlimited
CompressedClassSpaceSize: 1.00 GB
Initial GC threshold: 21.00 MB
Current GC threshold: 35.00 MB
CDS: on
 - commit_granule_bytes: 65536.
 - commit_granule_words: 8192.
 - virtual_space_node_default_size: 8388608.
 - enlarge_chunks_in_place: 1.
 - use_allocation_guard: 0.


Internal statistics:

num_allocs_failed_limit: 3.
num_arena_births: 476.
num_arena_deaths: 14.
num_vsnodes_births: 2.
num_vsnodes_deaths: 0.
num_space_committed: 356.
num_space_uncommitted: 0.
num_chunks_returned_to_freelist: 17.
num_chunks_taken_from_freelist: 1425.
num_chunk_merges: 7.
num_chunk_splits: 934.
num_chunks_enlarged: 625.
num_inconsistent_stats: 0.

CodeHeap 'non-profiled nmethods': size=120000Kb used=1472Kb max_used=1472Kb free=118527Kb
 bounds [0x0000026ea8810000, 0x0000026ea8a80000, 0x0000026eafd40000]
CodeHeap 'profiled nmethods': size=120000Kb used=5918Kb max_used=5918Kb free=114081Kb
 bounds [0x0000026ea0d40000, 0x0000026ea1310000, 0x0000026ea8270000]
CodeHeap 'non-nmethods': size=5760Kb used=1332Kb max_used=1361Kb free=4427Kb
 bounds [0x0000026ea8270000, 0x0000026ea84e0000, 0x0000026ea8810000]
CodeCache: size=245760Kb, used=8722Kb, max_used=8751Kb, free=237035Kb
 total_blobs=3683, nmethods=3064, adapters=525, full_count=0
Compilation: enabled, stopped_count=0, restarted_count=0

Compilation events (20 events):
Event: 2.965 Thread 0x0000026e9dbf0790 2815       3       sun.security.provider.SHA::implCompress (13 bytes)
Event: 2.965 Thread 0x0000026e9dbf0790 nmethod 2815 0x0000026ea128a690 code [0x0000026ea128a880, 0x0000026ea128acb8]
Event: 2.965 Thread 0x0000026e9dbf0790 2816       3       sun.security.provider.SHA::implCompressCheck (18 bytes)
Event: 2.966 Thread 0x0000026e9dbf0790 nmethod 2816 0x0000026ea128af10 code [0x0000026ea128b0e0, 0x0000026ea128b470]
Event: 2.972 Thread 0x0000026e9dbf0790 2817       3       jdk.internal.misc.Unsafe::getInt (7 bytes)
Event: 2.972 Thread 0x0000026e9dbf0790 nmethod 2817 0x0000026ea128b610 code [0x0000026ea128b7a0, 0x0000026ea128b8b8]
Event: 2.972 Thread 0x0000026e9dbf0790 2818       3       java.security.MessageDigest::update (14 bytes)
Event: 2.972 Thread 0x0000026e9dbf0790 nmethod 2818 0x0000026ea128b990 code [0x0000026ea128bb40, 0x0000026ea128be18]
Event: 2.972 Thread 0x0000026e9dbf0790 2819       3       jdk.internal.misc.Unsafe::getLong (7 bytes)
Event: 2.972 Thread 0x0000026e9dbf0790 nmethod 2819 0x0000026ea128bf90 code [0x0000026ea128c120, 0x0000026ea128c240]
Event: 2.972 Thread 0x0000026e9dbf0790 2820       3       sun.nio.fs.WindowsPath::<init> (26 bytes)
Event: 2.973 Thread 0x0000026e9dbf0790 nmethod 2820 0x0000026ea128c310 code [0x0000026ea128c4c0, 0x0000026ea128c678]
Event: 2.973 Thread 0x0000026e9dbf0790 2823       3       java.lang.String::equals (56 bytes)
Event: 2.973 Thread 0x0000026e9dbf0790 nmethod 2823 0x0000026ea128c710 code [0x0000026ea128c8e0, 0x0000026ea128cd30]
Event: 2.973 Thread 0x0000026e9dbf0790 2821   !   3       java.nio.charset.Charset::defaultCharset (52 bytes)
Event: 2.973 Thread 0x0000026e9dbf0790 nmethod 2821 0x0000026ea128ce10 code [0x0000026ea128cfa0, 0x0000026ea128d0a8]
Event: 2.973 Thread 0x0000026e9dbf0790 2822       3       java.lang.String::encodeUTF8 (141 bytes)
Event: 2.973 Thread 0x0000026e9dbf0790 nmethod 2822 0x0000026ea128d110 code [0x0000026ea128d360, 0x0000026ea128db38]
Event: 2.975 Thread 0x0000026e9dbf0790 2824       3       sun.nio.fs.WindowsPathParser::parse (504 bytes)
Event: 2.976 Thread 0x0000026efc1d0410 2830 %     4       sun.security.provider.SHA::implCompress0 @ 27 (478 bytes)

GC Heap History (14 events):
Event: 0.790 GC heap before
{Heap before GC invocations=1 (full 0):
 PSYoungGen      total 29696K, used 25600K [0x00000000d5580000, 0x00000000d7680000, 0x0000000100000000)
  eden space 25600K, 100% used [0x00000000d5580000,0x00000000d6e80000,0x00000000d6e80000)
  from space 4096K, 0% used [0x00000000d7280000,0x00000000d7280000,0x00000000d7680000)
  to   space 4096K, 0% used [0x00000000d6e80000,0x00000000d6e80000,0x00000000d7280000)
 ParOldGen       total 68608K, used 0K [0x0000000080000000, 0x0000000084300000, 0x00000000d5580000)
  object space 68608K, 0% used [0x0000000080000000,0x0000000080000000,0x0000000084300000)
 Metaspace       used 4325K, committed 4608K, reserved 1114112K
  class space    used 474K, committed 576K, reserved 1048576K
}
Event: 0.796 GC heap after
{Heap after GC invocations=1 (full 0):
 PSYoungGen      total 29696K, used 3455K [0x00000000d5580000, 0x00000000d7680000, 0x0000000100000000)
  eden space 25600K, 0% used [0x00000000d5580000,0x00000000d5580000,0x00000000d6e80000)
  from space 4096K, 84% used [0x00000000d6e80000,0x00000000d71dfea8,0x00000000d7280000)
  to   space 4096K, 0% used [0x00000000d7280000,0x00000000d7280000,0x00000000d7680000)
 ParOldGen       total 68608K, used 16K [0x0000000080000000, 0x0000000084300000, 0x00000000d5580000)
  object space 68608K, 0% used [0x0000000080000000,0x0000000080004000,0x0000000084300000)
 Metaspace       used 4325K, committed 4608K, reserved 1114112K
  class space    used 474K, committed 576K, reserved 1048576K
}
Event: 1.588 GC heap before
{Heap before GC invocations=2 (full 0):
 PSYoungGen      total 29696K, used 29055K [0x00000000d5580000, 0x00000000d7680000, 0x0000000100000000)
  eden space 25600K, 100% used [0x00000000d5580000,0x00000000d6e80000,0x00000000d6e80000)
  from space 4096K, 84% used [0x00000000d6e80000,0x00000000d71dfea8,0x00000000d7280000)
  to   space 4096K, 0% used [0x00000000d7280000,0x00000000d7280000,0x00000000d7680000)
 ParOldGen       total 68608K, used 16K [0x0000000080000000, 0x0000000084300000, 0x00000000d5580000)
  object space 68608K, 0% used [0x0000000080000000,0x0000000080004000,0x0000000084300000)
 Metaspace       used 8175K, committed 8448K, reserved 1114112K
  class space    used 872K, committed 960K, reserved 1048576K
}
Event: 1.592 GC heap after
{Heap after GC invocations=2 (full 0):
 PSYoungGen      total 29696K, used 4094K [0x00000000d5580000, 0x00000000d7680000, 0x0000000100000000)
  eden space 25600K, 0% used [0x00000000d5580000,0x00000000d5580000,0x00000000d6e80000)
  from space 4096K, 99% used [0x00000000d7280000,0x00000000d767f810,0x00000000d7680000)
  to   space 4096K, 0% used [0x00000000d6e80000,0x00000000d6e80000,0x00000000d7280000)
 ParOldGen       total 68608K, used 1285K [0x0000000080000000, 0x0000000084300000, 0x00000000d5580000)
  object space 68608K, 1% used [0x0000000080000000,0x00000000801417f8,0x0000000084300000)
 Metaspace       used 8175K, committed 8448K, reserved 1114112K
  class space    used 872K, committed 960K, reserved 1048576K
}
Event: 2.144 GC heap before
{Heap before GC invocations=3 (full 0):
 PSYoungGen      total 29696K, used 29694K [0x00000000d5580000, 0x00000000d7680000, 0x0000000100000000)
  eden space 25600K, 100% used [0x00000000d5580000,0x00000000d6e80000,0x00000000d6e80000)
  from space 4096K, 99% used [0x00000000d7280000,0x00000000d767f810,0x00000000d7680000)
  to   space 4096K, 0% used [0x00000000d6e80000,0x00000000d6e80000,0x00000000d7280000)
 ParOldGen       total 68608K, used 1285K [0x0000000080000000, 0x0000000084300000, 0x00000000d5580000)
  object space 68608K, 1% used [0x0000000080000000,0x00000000801417f8,0x0000000084300000)
 Metaspace       used 13018K, committed 13568K, reserved 1114112K
  class space    used 1383K, committed 1600K, reserved 1048576K
}
Event: 2.147 GC heap after
{Heap after GC invocations=3 (full 0):
 PSYoungGen      total 29696K, used 4072K [0x00000000d5580000, 0x00000000d7680000, 0x0000000100000000)
  eden space 25600K, 0% used [0x00000000d5580000,0x00000000d5580000,0x00000000d6e80000)
  from space 4096K, 99% used [0x00000000d6e80000,0x00000000d727a1b0,0x00000000d7280000)
  to   space 4096K, 0% used [0x00000000d7280000,0x00000000d7280000,0x00000000d7680000)
 ParOldGen       total 68608K, used 3059K [0x0000000080000000, 0x0000000084300000, 0x00000000d5580000)
  object space 68608K, 4% used [0x0000000080000000,0x00000000802fcdc8,0x0000000084300000)
 Metaspace       used 13018K, committed 13568K, reserved 1114112K
  class space    used 1383K, committed 1600K, reserved 1048576K
}
Event: 2.472 GC heap before
{Heap before GC invocations=4 (full 0):
 PSYoungGen      total 29696K, used 29587K [0x00000000d5580000, 0x00000000d7680000, 0x0000000100000000)
  eden space 25600K, 99% used [0x00000000d5580000,0x00000000d6e6ab30,0x00000000d6e80000)
  from space 4096K, 99% used [0x00000000d6e80000,0x00000000d727a1b0,0x00000000d7280000)
  to   space 4096K, 0% used [0x00000000d7280000,0x00000000d7280000,0x00000000d7680000)
 ParOldGen       total 68608K, used 3059K [0x0000000080000000, 0x0000000084300000, 0x00000000d5580000)
  object space 68608K, 4% used [0x0000000080000000,0x00000000802fcdc8,0x0000000084300000)
 Metaspace       used 16090K, committed 16768K, reserved 1114112K
  class space    used 1684K, committed 1984K, reserved 1048576K
}
Event: 2.474 GC heap after
{Heap after GC invocations=4 (full 0):
 PSYoungGen      total 29696K, used 4073K [0x00000000d5580000, 0x00000000d7680000, 0x0000000100000000)
  eden space 25600K, 0% used [0x00000000d5580000,0x00000000d5580000,0x00000000d6e80000)
  from space 4096K, 99% used [0x00000000d7280000,0x00000000d767a670,0x00000000d7680000)
  to   space 4096K, 0% used [0x00000000d6e80000,0x00000000d6e80000,0x00000000d7280000)
 ParOldGen       total 68608K, used 6243K [0x0000000080000000, 0x0000000084300000, 0x00000000d5580000)
  object space 68608K, 9% used [0x0000000080000000,0x0000000080618c60,0x0000000084300000)
 Metaspace       used 16090K, committed 16768K, reserved 1114112K
  class space    used 1684K, committed 1984K, reserved 1048576K
}
Event: 2.680 GC heap before
{Heap before GC invocations=5 (full 0):
 PSYoungGen      total 29696K, used 29660K [0x00000000d5580000, 0x00000000d7680000, 0x0000000100000000)
  eden space 25600K, 99% used [0x00000000d5580000,0x00000000d6e7c9e8,0x00000000d6e80000)
  from space 4096K, 99% used [0x00000000d7280000,0x00000000d767a670,0x00000000d7680000)
  to   space 4096K, 0% used [0x00000000d6e80000,0x00000000d6e80000,0x00000000d7280000)
 ParOldGen       total 68608K, used 6243K [0x0000000080000000, 0x0000000084300000, 0x00000000d5580000)
  object space 68608K, 9% used [0x0000000080000000,0x0000000080618c60,0x0000000084300000)
 Metaspace       used 20155K, committed 20736K, reserved 1114112K
  class space    used 1981K, committed 2240K, reserved 1048576K
}
Event: 2.683 GC heap after
{Heap after GC invocations=5 (full 0):
 PSYoungGen      total 29184K, used 4081K [0x00000000d5580000, 0x00000000d7900000, 0x0000000100000000)
  eden space 25088K, 0% used [0x00000000d5580000,0x00000000d5580000,0x00000000d6e00000)
  from space 4096K, 99% used [0x00000000d6e80000,0x00000000d727c4f8,0x00000000d7280000)
  to   space 5632K, 0% used [0x00000000d7380000,0x00000000d7380000,0x00000000d7900000)
 ParOldGen       total 68608K, used 6679K [0x0000000080000000, 0x0000000084300000, 0x00000000d5580000)
  object space 68608K, 9% used [0x0000000080000000,0x0000000080685ee0,0x0000000084300000)
 Metaspace       used 20155K, committed 20736K, reserved 1114112K
  class space    used 1981K, committed 2240K, reserved 1048576K
}
Event: 2.807 GC heap before
{Heap before GC invocations=6 (full 0):
 PSYoungGen      total 29184K, used 21690K [0x00000000d5580000, 0x00000000d7900000, 0x0000000100000000)
  eden space 25088K, 70% used [0x00000000d5580000,0x00000000d66b2618,0x00000000d6e00000)
  from space 4096K, 99% used [0x00000000d6e80000,0x00000000d727c4f8,0x00000000d7280000)
  to   space 5632K, 0% used [0x00000000d7380000,0x00000000d7380000,0x00000000d7900000)
 ParOldGen       total 68608K, used 6679K [0x0000000080000000, 0x0000000084300000, 0x00000000d5580000)
  object space 68608K, 9% used [0x0000000080000000,0x0000000080685ee0,0x0000000084300000)
 Metaspace       used 20864K, committed 21504K, reserved 1114112K
  class space    used 2017K, committed 2304K, reserved 1048576K
}
Event: 2.811 GC heap after
{Heap after GC invocations=6 (full 0):
 PSYoungGen      total 30720K, used 5292K [0x00000000d5580000, 0x00000000d7900000, 0x0000000100000000)
  eden space 25088K, 0% used [0x00000000d5580000,0x00000000d5580000,0x00000000d6e00000)
  from space 5632K, 93% used [0x00000000d7380000,0x00000000d78ab2a8,0x00000000d7900000)
  to   space 5632K, 0% used [0x00000000d6e00000,0x00000000d6e00000,0x00000000d7380000)
 ParOldGen       total 68608K, used 7468K [0x0000000080000000, 0x0000000084300000, 0x00000000d5580000)
  object space 68608K, 10% used [0x0000000080000000,0x000000008074b3f0,0x0000000084300000)
 Metaspace       used 20864K, committed 21504K, reserved 1114112K
  class space    used 2017K, committed 2304K, reserved 1048576K
}
Event: 2.811 GC heap before
{Heap before GC invocations=7 (full 1):
 PSYoungGen      total 30720K, used 5292K [0x00000000d5580000, 0x00000000d7900000, 0x0000000100000000)
  eden space 25088K, 0% used [0x00000000d5580000,0x00000000d5580000,0x00000000d6e00000)
  from space 5632K, 93% used [0x00000000d7380000,0x00000000d78ab2a8,0x00000000d7900000)
  to   space 5632K, 0% used [0x00000000d6e00000,0x00000000d6e00000,0x00000000d7380000)
 ParOldGen       total 68608K, used 7468K [0x0000000080000000, 0x0000000084300000, 0x00000000d5580000)
  object space 68608K, 10% used [0x0000000080000000,0x000000008074b3f0,0x0000000084300000)
 Metaspace       used 20864K, committed 21504K, reserved 1114112K
  class space    used 2017K, committed 2304K, reserved 1048576K
}
Event: 2.827 GC heap after
{Heap after GC invocations=7 (full 1):
 PSYoungGen      total 30720K, used 0K [0x00000000d5580000, 0x00000000d7900000, 0x0000000100000000)
  eden space 25088K, 0% used [0x00000000d5580000,0x00000000d5580000,0x00000000d6e00000)
  from space 5632K, 0% used [0x00000000d7380000,0x00000000d7380000,0x00000000d7900000)
  to   space 5632K, 0% used [0x00000000d6e00000,0x00000000d6e00000,0x00000000d7380000)
 ParOldGen       total 68608K, used 10188K [0x0000000080000000, 0x0000000084300000, 0x00000000d5580000)
  object space 68608K, 14% used [0x0000000080000000,0x00000000809f32a0,0x0000000084300000)
 Metaspace       used 20851K, committed 21504K, reserved 1114112K
  class space    used 2013K, committed 2304K, reserved 1048576K
}

Dll operation events (11 events):
Event: 0.018 Loaded shared library c:\Users\1\.trae-cn\extensions\redhat.java-1.53.0-win32-x64\jre\21.0.10-win32-x86_64\bin\java.dll
Event: 0.040 Loaded shared library c:\Users\1\.trae-cn\extensions\redhat.java-1.53.0-win32-x64\jre\21.0.10-win32-x86_64\bin\zip.dll
Event: 0.097 Loaded shared library C:\Users\1\.trae-cn\extensions\redhat.java-1.53.0-win32-x64\jre\21.0.10-win32-x86_64\bin\instrument.dll
Event: 0.104 Loaded shared library C:\Users\1\.trae-cn\extensions\redhat.java-1.53.0-win32-x64\jre\21.0.10-win32-x86_64\bin\net.dll
Event: 0.109 Loaded shared library C:\Users\1\.trae-cn\extensions\redhat.java-1.53.0-win32-x64\jre\21.0.10-win32-x86_64\bin\nio.dll
Event: 0.112 Loaded shared library C:\Users\1\.trae-cn\extensions\redhat.java-1.53.0-win32-x64\jre\21.0.10-win32-x86_64\bin\zip.dll
Event: 0.134 Loaded shared library C:\Users\1\.trae-cn\extensions\redhat.java-1.53.0-win32-x64\jre\21.0.10-win32-x86_64\bin\jimage.dll
Event: 0.212 Loaded shared library c:\Users\1\.trae-cn\extensions\redhat.java-1.53.0-win32-x64\jre\21.0.10-win32-x86_64\bin\verify.dll
Event: 1.574 Loaded shared library C:\Users\1\AppData\Roaming\Trae CN\User\globalStorage\redhat.java\1.53.0\config_ss_win\org.eclipse.equinox.launcher\org.eclipse.equinox.launcher.win32.win32.x86_64_1.3.0.v20260203-2149\eclipse_11919.dll
Event: 2.195 Loaded shared library C:\Users\1\.trae-cn\extensions\redhat.java-1.53.0-win32-x64\jre\21.0.10-win32-x86_64\bin\management.dll
Event: 2.201 Loaded shared library C:\Users\1\.trae-cn\extensions\redhat.java-1.53.0-win32-x64\jre\21.0.10-win32-x86_64\bin\management_ext.dll

Deoptimization events (20 events):
Event: 2.903 Thread 0x0000026ef7e58280 Uncommon trap: trap_request=0xffffffc6 fr.pc=0x0000026ea894cc80 relative=0x00000000000009a0
Event: 2.903 Thread 0x0000026ef7e58280 Uncommon trap: reason=bimorphic_or_optimized_type_check action=maybe_recompile pc=0x0000026ea894cc80 method=java.util.HashMap.putVal(ILjava/lang/Object;Ljava/lang/Object;ZZ)Ljava/lang/Object; @ 56 c2
Event: 2.903 Thread 0x0000026ef7e58280 DEOPT PACKING pc=0x0000026ea894cc80 sp=0x00000082a74fd960
Event: 2.903 Thread 0x0000026ef7e58280 DEOPT UNPACKING pc=0x0000026ea82c3aa2 sp=0x00000082a74fd8c8 mode 2
Event: 2.903 Thread 0x0000026ef7e58280 Uncommon trap: trap_request=0xffffffc6 fr.pc=0x0000026ea894cc80 relative=0x00000000000009a0
Event: 2.903 Thread 0x0000026ef7e58280 Uncommon trap: reason=bimorphic_or_optimized_type_check action=maybe_recompile pc=0x0000026ea894cc80 method=java.util.HashMap.putVal(ILjava/lang/Object;Ljava/lang/Object;ZZ)Ljava/lang/Object; @ 56 c2
Event: 2.903 Thread 0x0000026ef7e58280 DEOPT PACKING pc=0x0000026ea894cc80 sp=0x00000082a74fd960
Event: 2.903 Thread 0x0000026ef7e58280 DEOPT UNPACKING pc=0x0000026ea82c3aa2 sp=0x00000082a74fd8c8 mode 2
Event: 2.910 Thread 0x0000026ef7e58280 Uncommon trap: trap_request=0xffffffcc fr.pc=0x0000026ea8951e0c relative=0x000000000000034c
Event: 2.910 Thread 0x0000026ef7e58280 Uncommon trap: reason=intrinsic_or_type_checked_inlining action=make_not_entrant pc=0x0000026ea8951e0c method=java.util.Arrays.copyOf([Ljava/lang/Object;ILjava/lang/Class;)[Ljava/lang/Object; @ 35 c2
Event: 2.910 Thread 0x0000026ef7e58280 DEOPT PACKING pc=0x0000026ea8951e0c sp=0x00000082a74fdd30
Event: 2.910 Thread 0x0000026ef7e58280 DEOPT UNPACKING pc=0x0000026ea82c3aa2 sp=0x00000082a74fdcd8 mode 2
Event: 2.918 Thread 0x0000026ef7e58280 Uncommon trap: trap_request=0xffffff45 fr.pc=0x0000026ea8953408 relative=0x0000000000000988
Event: 2.918 Thread 0x0000026ef7e58280 Uncommon trap: reason=unstable_if action=reinterpret pc=0x0000026ea8953408 method=java.util.regex.Pattern$BmpCharPropertyGreedy.match(Ljava/util/regex/Matcher;ILjava/lang/CharSequence;)Z @ 12 c2
Event: 2.918 Thread 0x0000026ef7e58280 DEOPT PACKING pc=0x0000026ea8953408 sp=0x00000082a74fd500
Event: 2.918 Thread 0x0000026ef7e58280 DEOPT UNPACKING pc=0x0000026ea82c3aa2 sp=0x00000082a74fd3c8 mode 2
Event: 2.971 Thread 0x0000026ef7e58280 Uncommon trap: trap_request=0xffffff45 fr.pc=0x0000026ea881f8a8 relative=0x0000000000000188
Event: 2.971 Thread 0x0000026ef7e58280 Uncommon trap: reason=unstable_if action=reinterpret pc=0x0000026ea881f8a8 method=java.lang.String.equals(Ljava/lang/Object;)Z @ 33 c2
Event: 2.971 Thread 0x0000026ef7e58280 DEOPT PACKING pc=0x0000026ea881f8a8 sp=0x00000082a74fcc70
Event: 2.971 Thread 0x0000026ef7e58280 DEOPT UNPACKING pc=0x0000026ea82c3aa2 sp=0x00000082a74fcc00 mode 2

Classes loaded (20 events):
Event: 2.961 Loading class sun/security/provider/SHA
Event: 2.961 Loading class sun/security/provider/SHA done
Event: 2.962 Loading class sun/security/provider/SeedGenerator$1
Event: 2.962 Loading class sun/security/provider/SeedGenerator$1 done
Event: 2.969 Loading class java/net/NetworkInterface$1
Event: 2.969 Loading class java/net/NetworkInterface$1 done
Event: 2.969 Loading class java/nio/file/Files$AcceptAllFilter
Event: 2.969 Loading class java/nio/file/DirectoryStream$Filter
Event: 2.969 Loading class java/nio/file/DirectoryStream$Filter done
Event: 2.969 Loading class java/nio/file/Files$AcceptAllFilter done
Event: 2.970 Loading class sun/nio/fs/WindowsDirectoryStream
Event: 2.970 Loading class java/nio/file/DirectoryStream
Event: 2.970 Loading class java/nio/file/DirectoryStream done
Event: 2.970 Loading class sun/nio/fs/WindowsDirectoryStream done
Event: 2.970 Loading class sun/nio/fs/WindowsDirectoryStream$WindowsDirectoryIterator
Event: 2.970 Loading class sun/nio/fs/WindowsDirectoryStream$WindowsDirectoryIterator done
Event: 2.971 Loading class sun/nio/fs/WindowsPath$WindowsPathWithAttributes
Event: 2.971 Loading class sun/nio/fs/BasicFileAttributesHolder
Event: 2.971 Loading class sun/nio/fs/BasicFileAttributesHolder done
Event: 2.971 Loading class sun/nio/fs/WindowsPath$WindowsPathWithAttributes done

Classes unloaded (7 events):
Event: 2.814 Thread 0x0000026eb43244e0 Unloading class 0x0000026eb6191000 'java/lang/invoke/LambdaForm$MH+0x0000026eb6191000'
Event: 2.814 Thread 0x0000026eb43244e0 Unloading class 0x0000026eb6190c00 'java/lang/invoke/LambdaForm$MH+0x0000026eb6190c00'
Event: 2.814 Thread 0x0000026eb43244e0 Unloading class 0x0000026eb6190800 'java/lang/invoke/LambdaForm$MH+0x0000026eb6190800'
Event: 2.814 Thread 0x0000026eb43244e0 Unloading class 0x0000026eb6190400 'java/lang/invoke/LambdaForm$MH+0x0000026eb6190400'
Event: 2.814 Thread 0x0000026eb43244e0 Unloading class 0x0000026eb6190000 'java/lang/invoke/LambdaForm$BMH+0x0000026eb6190000'
Event: 2.814 Thread 0x0000026eb43244e0 Unloading class 0x0000026eb618fc00 'java/lang/invoke/LambdaForm$DMH+0x0000026eb618fc00'
Event: 2.814 Thread 0x0000026eb43244e0 Unloading class 0x0000026eb618ec00 'java/lang/invoke/LambdaForm$DMH+0x0000026eb618ec00'

Classes redefined (0 events):
No events

Internal exceptions (20 events):
Event: 2.335 Thread 0x0000026ef7e58280 Exception <a 'java/lang/NoSuchMethodError'{0x00000000d5f901f0}: 'java.lang.Object java.lang.invoke.Invokers$Holder.linkToTargetMethod(java.lang.Object, java.lang.Object, int, java.lang.Object, java.lang.Object)'> (0x00000000d5f901f0) 
thrown [s\src\hotspot\share\interpreter\linkResolver.cpp, line 773]
Event: 2.336 Thread 0x0000026efc3862a0 Exception <a 'java/lang/NoSuchMethodError'{0x00000000d5eb43b0}: 'java.lang.Object java.lang.invoke.DirectMethodHandle$Holder.invokeSpecial(java.lang.Object, java.lang.Object, int, java.lang.Object, java.lang.Object)'> (0x00000000d5eb43b0) 
thrown [s\src\hotspot\share\interpreter\linkResolver.cpp, line 773]
Event: 2.336 Thread 0x0000026efc3862a0 Exception <a 'java/lang/NoSuchMethodError'{0x00000000d5ebb0e8}: 'java.lang.Object java.lang.invoke.DirectMethodHandle$Holder.newInvokeSpecial(java.lang.Object, java.lang.Object, int, java.lang.Object)'> (0x00000000d5ebb0e8) 
thrown [s\src\hotspot\share\interpreter\linkResolver.cpp, line 773]
Event: 2.336 Thread 0x0000026efc3862a0 Exception <a 'java/lang/NoSuchMethodError'{0x00000000d5ebe9c8}: 'java.lang.Object java.lang.invoke.DirectMethodHandle$Holder.invokeSpecial(java.lang.Object, java.lang.Object, java.lang.Object, int, java.lang.Object)'> (0x00000000d5ebe9c8) 
thrown [s\src\hotspot\share\interpreter\linkResolver.cpp, line 773]
Event: 2.354 Thread 0x0000026ef7e58280 Exception <a 'java/lang/NoSuchMethodError'{0x00000000d60db230}: 'void java.lang.invoke.DirectMethodHandle$Holder.invokeSpecial(java.lang.Object, java.lang.Object, java.lang.Object, java.lang.Object, java.lang.Object)'> (0x00000000d60db230) 
thrown [s\src\hotspot\share\interpreter\linkResolver.cpp, line 773]
Event: 2.385 Thread 0x0000026ef7e58280 Exception <a 'java/lang/NoSuchMethodError'{0x00000000d62e4630}: 'double java.lang.invoke.DirectMethodHandle$Holder.invokeStatic(java.lang.Object, java.lang.Object)'> (0x00000000d62e4630) 
thrown [s\src\hotspot\share\interpreter\linkResolver.cpp, line 773]
Event: 2.386 Thread 0x0000026ef7e58280 Exception <a 'java/lang/NoSuchMethodError'{0x00000000d62e7cf0}: 'double java.lang.invoke.DirectMethodHandle$Holder.invokeStaticInit(java.lang.Object, java.lang.Object)'> (0x00000000d62e7cf0) 
thrown [s\src\hotspot\share\interpreter\linkResolver.cpp, line 773]
Event: 2.488 Thread 0x0000026ef7e58280 Exception <a 'java/io/FileNotFoundException'{0x00000000d59e3c10}> (0x00000000d59e3c10) 
thrown [s\src\hotspot\share\prims\jni.cpp, line 520]
Event: 2.488 Thread 0x0000026ef7e58280 Exception <a 'java/io/FileNotFoundException'{0x00000000d59e4ce8}> (0x00000000d59e4ce8) 
thrown [s\src\hotspot\share\prims\jni.cpp, line 520]
Event: 2.489 Thread 0x0000026ef7e58280 Exception <a 'java/io/FileNotFoundException'{0x00000000d59e5eb8}> (0x00000000d59e5eb8) 
thrown [s\src\hotspot\share\prims\jni.cpp, line 520]
Event: 2.584 Thread 0x0000026ef7e58280 Exception <a 'java/lang/NoSuchMethodError'{0x00000000d638dd78}: 'int java.lang.invoke.DirectMethodHandle$Holder.invokeStaticInit(java.lang.Object, java.lang.Object, java.lang.Object)'> (0x00000000d638dd78) 
thrown [s\src\hotspot\share\interpreter\linkResolver.cpp, line 773]
Event: 2.619 Thread 0x0000026ef7e58280 Implicit null exception at 0x0000026ea89307f5 to 0x0000026ea89308d0
Event: 2.692 Thread 0x0000026ef7e58280 Exception <a 'java/io/FileNotFoundException'{0x00000000d5643d70}> (0x00000000d5643d70) 
thrown [s\src\hotspot\share\prims\jni.cpp, line 520]
Event: 2.692 Thread 0x0000026ef7e58280 Exception <a 'java/lang/NoSuchMethodError'{0x00000000d564b920}: 'java.lang.Object java.lang.invoke.DirectMethodHandle$Holder.newInvokeSpecial(java.lang.Object, int, java.lang.Object, java.lang.Object)'> (0x00000000d564b920) 
thrown [s\src\hotspot\share\interpreter\linkResolver.cpp, line 773]
Event: 2.717 Thread 0x0000026ef7e58280 Exception <a 'java/io/FileNotFoundException'{0x00000000d61d7c58}> (0x00000000d61d7c58) 
thrown [s\src\hotspot\share\prims\jni.cpp, line 520]
Event: 2.876 Thread 0x0000026ef7e58280 Exception <a 'java/io/FileNotFoundException'{0x00000000d58af380}> (0x00000000d58af380) 
thrown [s\src\hotspot\share\prims\jni.cpp, line 520]
Event: 2.912 Thread 0x0000026ef7e58280 Exception <a 'sun/nio/fs/WindowsException'{0x00000000d5a8ff90}> (0x00000000d5a8ff90) 
thrown [s\src\hotspot\share\prims\jni.cpp, line 520]
Event: 2.912 Thread 0x0000026ef7e58280 Exception <a 'sun/nio/fs/WindowsException'{0x00000000d5a93c78}> (0x00000000d5a93c78) 
thrown [s\src\hotspot\share\prims\jni.cpp, line 520]
Event: 2.927 Thread 0x0000026ef7e58280 Exception <a 'sun/nio/fs/WindowsException'{0x00000000d5b5fb38}> (0x00000000d5b5fb38) 
thrown [s\src\hotspot\share\prims\jni.cpp, line 520]
Event: 2.953 Thread 0x0000026ef7e58280 Exception <a 'java/lang/NoSuchMethodError'{0x00000000d5c580f8}: 'java.lang.Object java.lang.invoke.DirectMethodHandle$Holder.invokeStaticInit(java.lang.Object, int, int, int, int)'> (0x00000000d5c580f8) 
thrown [s\src\hotspot\share\interpreter\linkResolver.cpp, line 773]

ZGC Phase Switch (0 events):
No events

VM Operations (20 events):
Event: 1.955 Executing non-safepoint VM operation: HandshakeAllThreads (Deoptimize) done
Event: 2.144 Executing safepoint VM operation: ParallelGCFailedAllocation (Allocation Failure)
Event: 2.147 Executing safepoint VM operation: ParallelGCFailedAllocation (Allocation Failure) done
Event: 2.237 Executing non-safepoint VM operation: HandshakeAllThreads (Deoptimize)
Event: 2.237 Executing non-safepoint VM operation: HandshakeAllThreads (Deoptimize) done
Event: 2.241 Executing non-safepoint VM operation: HandshakeAllThreads (Deoptimize)
Event: 2.241 Executing non-safepoint VM operation: HandshakeAllThreads (Deoptimize) done
Event: 2.256 Executing non-safepoint VM operation: HandshakeAllThreads (Deoptimize)
Event: 2.256 Executing non-safepoint VM operation: HandshakeAllThreads (Deoptimize) done
Event: 2.472 Executing safepoint VM operation: ParallelGCFailedAllocation (Allocation Failure)
Event: 2.474 Executing safepoint VM operation: ParallelGCFailedAllocation (Allocation Failure) done
Event: 2.680 Executing safepoint VM operation: ParallelGCFailedAllocation (Allocation Failure)
Event: 2.683 Executing safepoint VM operation: ParallelGCFailedAllocation (Allocation Failure) done
Event: 2.807 Executing safepoint VM operation: CollectForMetadataAllocation (Metadata GC Threshold)
Event: 2.827 Executing safepoint VM operation: CollectForMetadataAllocation (Metadata GC Threshold) done
Event: 2.903 Executing non-safepoint VM operation: HandshakeAllThreads (Deoptimize)
Event: 2.903 Executing non-safepoint VM operation: HandshakeAllThreads (Deoptimize) done
Event: 3.902 Executing safepoint VM operation: Cleanup
Event: 3.985 Executing safepoint VM operation: Cleanup done
Event: 4.991 Executing safepoint VM operation: Cleanup

Memory protections (0 events):
No events

Nmethod flushes (0 events):
No events

Events (20 events):
Event: 0.052 Thread 0x0000026e9db40d00 Thread added: 0x0000026e9dbe1a40
Event: 0.052 Thread 0x0000026e9db40d00 Thread added: 0x0000026e9dbe9340
Event: 0.052 Thread 0x0000026e9db40d00 Thread added: 0x0000026e9dbf0790
Event: 0.083 Thread 0x0000026e9dbf0790 Thread added: 0x0000026ef68b55b0
Event: 0.099 Thread 0x0000026e9db40d00 Thread added: 0x0000026ef699b770
Event: 0.297 Thread 0x0000026e9db40d00 Thread added: 0x0000026ef6ad97d0
Event: 0.486 Thread 0x0000026e9dbf0790 Thread added: 0x0000026ef78df270
Event: 1.353 Thread 0x0000026e9db40d00 Thread added: 0x0000026efc106fa0
Event: 1.561 Thread 0x0000026e9db40d00 Thread added: 0x0000026efc26b6a0
Event: 1.565 Thread 0x0000026e9db40d00 Thread added: 0x0000026ef7e58280
Event: 1.689 Thread 0x0000026ef78df270 Thread exited: 0x0000026ef78df270
Event: 1.689 Thread 0x0000026ef68b55b0 Thread exited: 0x0000026ef68b55b0
Event: 1.703 Thread 0x0000026ef7e58280 Thread added: 0x0000026ef7de7740
Event: 1.772 Thread 0x0000026e9dbf0790 Thread added: 0x0000026efc168fe0
Event: 1.772 Thread 0x0000026e9dbf0790 Thread added: 0x0000026efc1d0410
Event: 1.998 Thread 0x0000026ef7e58280 Thread added: 0x0000026efc348480
Event: 2.321 Thread 0x0000026ef7e58280 Thread added: 0x0000026efc3862a0
Event: 2.336 Thread 0x0000026ef7e58280 Thread added: 0x0000026efc63c050
Event: 2.855 Thread 0x0000026ef7e58280 Thread added: 0x0000026efc57b110
Event: 2.938 Thread 0x0000026efc57b110 Thread exited: 0x0000026efc57b110


Dynamic libraries:
0x00007ff793f50000 - 0x00007ff793f5e000 	c:\Users\1\.trae-cn\extensions\redhat.java-1.53.0-win32-x64\jre\21.0.10-win32-x86_64\bin\java.exe
0x00007ffed2cc0000 - 0x00007ffed2f27000 	C:\WINDOWS\SYSTEM32\ntdll.dll
0x00007ffed1680000 - 0x00007ffed1749000 	C:\WINDOWS\System32\KERNEL32.DLL
0x00007ffed0500000 - 0x00007ffed08f1000 	C:\WINDOWS\System32\KERNELBASE.dll
0x00007ffed03b0000 - 0x00007ffed04fb000 	C:\WINDOWS\System32\ucrtbase.dll
0x00007ffe81010000 - 0x00007ffe8102e000 	c:\Users\1\.trae-cn\extensions\redhat.java-1.53.0-win32-x64\jre\21.0.10-win32-x86_64\bin\VCRUNTIME140.dll
0x00007ffe87350000 - 0x00007ffe87368000 	c:\Users\1\.trae-cn\extensions\redhat.java-1.53.0-win32-x64\jre\21.0.10-win32-x86_64\bin\jli.dll
0x00007ffed1900000 - 0x00007ffed1ac5000 	C:\WINDOWS\System32\USER32.dll
0x00007ffecf860000 - 0x00007ffecf887000 	C:\WINDOWS\System32\win32u.dll
0x00007ffeac4b0000 - 0x00007ffeac743000 	C:\WINDOWS\WinSxS\amd64_microsoft.windows.common-controls_6595b64144ccf1df_6.0.26100.7922_none_3e089e1ee3342171\COMCTL32.dll
0x00007ffed12e0000 - 0x00007ffed130b000 	C:\WINDOWS\System32\GDI32.dll
0x00007ffed1750000 - 0x00007ffed17f9000 	C:\WINDOWS\System32\msvcrt.dll
0x00007ffecf890000 - 0x00007ffecf9ba000 	C:\WINDOWS\System32\gdi32full.dll
0x00007ffed0900000 - 0x00007ffed09a3000 	C:\WINDOWS\System32\msvcp_win.dll
0x00007ffed18c0000 - 0x00007ffed18f1000 	C:\WINDOWS\System32\IMM32.DLL
0x00007ffe89230000 - 0x00007ffe8923c000 	c:\Users\1\.trae-cn\extensions\redhat.java-1.53.0-win32-x64\jre\21.0.10-win32-x86_64\bin\vcruntime140_1.dll
0x00007ffe5a400000 - 0x00007ffe5a48d000 	c:\Users\1\.trae-cn\extensions\redhat.java-1.53.0-win32-x64\jre\21.0.10-win32-x86_64\bin\msvcp140.dll
0x00007ffda8160000 - 0x00007ffda8f01000 	c:\Users\1\.trae-cn\extensions\redhat.java-1.53.0-win32-x64\jre\21.0.10-win32-x86_64\bin\server\jvm.dll
0x00007ffed2bc0000 - 0x00007ffed2c7b000 	C:\WINDOWS\System32\ADVAPI32.dll
0x00007ffed1800000 - 0x00007ffed18a7000 	C:\WINDOWS\System32\sechost.dll
0x00007ffed0c10000 - 0x00007ffed0d28000 	C:\WINDOWS\System32\RPCRT4.dll
0x00007ffed1ad0000 - 0x00007ffed1b44000 	C:\WINDOWS\System32\WS2_32.dll
0x00007ffecf400000 - 0x00007ffecf45e000 	C:\WINDOWS\SYSTEM32\POWRPROF.dll
0x00007ffecd490000 - 0x00007ffecd4c5000 	C:\WINDOWS\SYSTEM32\WINMM.dll
0x00007ffec62f0000 - 0x00007ffec62fb000 	C:\WINDOWS\SYSTEM32\VERSION.dll
0x00007ffecf3e0000 - 0x00007ffecf3f4000 	C:\WINDOWS\SYSTEM32\UMPDC.dll
0x00007ffece330000 - 0x00007ffece34b000 	C:\WINDOWS\SYSTEM32\kernel.appcore.dll
0x00007ffe87340000 - 0x00007ffe8734a000 	c:\Users\1\.trae-cn\extensions\redhat.java-1.53.0-win32-x64\jre\21.0.10-win32-x86_64\bin\jimage.dll
0x00007ffecd1d0000 - 0x00007ffecd412000 	C:\WINDOWS\SYSTEM32\DBGHELP.DLL
0x00007ffed0d30000 - 0x00007ffed10b2000 	C:\WINDOWS\System32\combase.dll
0x00007ffed0b30000 - 0x00007ffed0c07000 	C:\WINDOWS\System32\OLEAUT32.dll
0x00007ffecd420000 - 0x00007ffecd45b000 	C:\WINDOWS\SYSTEM32\dbgcore.DLL
0x00007ffed09b0000 - 0x00007ffed0a55000 	C:\WINDOWS\System32\bcryptPrimitives.dll
0x00007ffe80dc0000 - 0x00007ffe80dcf000 	c:\Users\1\.trae-cn\extensions\redhat.java-1.53.0-win32-x64\jre\21.0.10-win32-x86_64\bin\instrument.dll
0x00007ffe80da0000 - 0x00007ffe80dc0000 	c:\Users\1\.trae-cn\extensions\redhat.java-1.53.0-win32-x64\jre\21.0.10-win32-x86_64\bin\java.dll
0x00007ffed1ba0000 - 0x00007ffed22ff000 	C:\WINDOWS\System32\SHELL32.dll
0x00007ffecf5a0000 - 0x00007ffecf70a000 	C:\WINDOWS\System32\wintypes.dll
0x00007ffecf9c0000 - 0x00007ffed0224000 	C:\WINDOWS\System32\windows.storage.dll
0x00007ffed11e0000 - 0x00007ffed12d7000 	C:\WINDOWS\System32\SHCORE.dll
0x00007ffed15a0000 - 0x00007ffed1607000 	C:\WINDOWS\System32\shlwapi.dll
0x00007ffecf4c0000 - 0x00007ffecf4e9000 	C:\WINDOWS\SYSTEM32\profapi.dll
0x00007ffe80930000 - 0x00007ffe80948000 	c:\Users\1\.trae-cn\extensions\redhat.java-1.53.0-win32-x64\jre\21.0.10-win32-x86_64\bin\zip.dll
0x00007ffe80d90000 - 0x00007ffe80da0000 	C:\Users\1\.trae-cn\extensions\redhat.java-1.53.0-win32-x64\jre\21.0.10-win32-x86_64\bin\net.dll
0x00007ffec6500000 - 0x00007ffec6627000 	C:\WINDOWS\SYSTEM32\WINHTTP.dll
0x00007ffece8a0000 - 0x00007ffece90b000 	C:\WINDOWS\system32\mswsock.dll
0x00007ffe80580000 - 0x00007ffe80596000 	C:\Users\1\.trae-cn\extensions\redhat.java-1.53.0-win32-x64\jre\21.0.10-win32-x86_64\bin\nio.dll
0x00007ffe80d50000 - 0x00007ffe80d60000 	c:\Users\1\.trae-cn\extensions\redhat.java-1.53.0-win32-x64\jre\21.0.10-win32-x86_64\bin\verify.dll
0x00007ffe80190000 - 0x00007ffe801d5000 	C:\Users\1\AppData\Roaming\Trae CN\User\globalStorage\redhat.java\1.53.0\config_ss_win\org.eclipse.equinox.launcher\org.eclipse.equinox.launcher.win32.win32.x86_64_1.3.0.v20260203-2149\eclipse_11919.dll
0x00007ffed2820000 - 0x00007ffed29b5000 	C:\WINDOWS\System32\ole32.dll
0x00007ffe808a0000 - 0x00007ffe808aa000 	C:\Users\1\.trae-cn\extensions\redhat.java-1.53.0-win32-x64\jre\21.0.10-win32-x86_64\bin\management.dll
0x00007ffe80500000 - 0x00007ffe8050c000 	C:\Users\1\.trae-cn\extensions\redhat.java-1.53.0-win32-x64\jre\21.0.10-win32-x86_64\bin\management_ext.dll
0x00007ffed18b0000 - 0x00007ffed18b8000 	C:\WINDOWS\System32\PSAPI.DLL
0x00007ffeceb80000 - 0x00007ffeceb9b000 	C:\WINDOWS\SYSTEM32\CRYPTSP.dll
0x00007ffece290000 - 0x00007ffece2c9000 	C:\WINDOWS\system32\rsaenh.dll
0x00007ffece950000 - 0x00007ffece982000 	C:\WINDOWS\SYSTEM32\USERENV.dll
0x00007ffecf490000 - 0x00007ffecf4ba000 	C:\WINDOWS\SYSTEM32\bcrypt.dll
0x00007ffeceba0000 - 0x00007ffecebac000 	C:\WINDOWS\SYSTEM32\CRYPTBASE.dll
0x00007ffecdd90000 - 0x00007ffecddc3000 	C:\WINDOWS\SYSTEM32\IPHLPAPI.DLL
0x00007ffed1610000 - 0x00007ffed161a000 	C:\WINDOWS\System32\NSI.dll
0x00007ffe7b3d0000 - 0x00007ffe7b419000 	C:\Users\1\AppData\Local\Temp\jna--870160728\jna13348380727441013572.dll
0x00007ffec6930000 - 0x00007ffec694d000 	C:\WINDOWS\SYSTEM32\dhcpcsvc6.DLL
0x00007ffec68e0000 - 0x00007ffec6903000 	C:\WINDOWS\SYSTEM32\dhcpcsvc.DLL

JVMTI agents:
c:\Users\1\.trae-cn\extensions\redhat.java-1.53.0-win32-x64\lombok\lombok-1.18.39-4050.jar path:c:\Users\1\.trae-cn\extensions\redhat.java-1.53.0-win32-x64\jre\21.0.10-win32-x86_64\bin\instrument.dll, loaded, initialized, instrumentlib options:none

dbghelp: loaded successfully - version: 4.0.5 - missing functions: none
symbol engine: initialized successfully - sym options: 0x614 - pdb path: .;c:\Users\1\.trae-cn\extensions\redhat.java-1.53.0-win32-x64\jre\21.0.10-win32-x86_64\bin;C:\WINDOWS\SYSTEM32;C:\WINDOWS\WinSxS\amd64_microsoft.windows.common-controls_6595b64144ccf1df_6.0.26100.7922_none_3e089e1ee3342171;c:\Users\1\.trae-cn\extensions\redhat.java-1.53.0-win32-x64\jre\21.0.10-win32-x86_64\bin\server;C:\Users\1\AppData\Roaming\Trae CN\User\globalStorage\redhat.java\1.53.0\config_ss_win\org.eclipse.equinox.launcher\org.eclipse.equinox.launcher.win32.win32.x86_64_1.3.0.v20260203-2149;C:\Users\1\AppData\Local\Temp\jna--870160728

VM Arguments:
jvm_args: --add-modules=ALL-SYSTEM --add-opens=java.base/java.util=ALL-UNNAMED --add-opens=java.base/java.lang=ALL-UNNAMED --add-opens=java.base/sun.nio.fs=ALL-UNNAMED -Declipse.application=org.eclipse.jdt.ls.core.id1 -Dosgi.bundles.defaultStartLevel=4 -Declipse.product=org.eclipse.jdt.ls.core.product -Djava.import.generatesMetadataFilesAtProjectRoot=false -DDetectVMInstallationsJob.disabled=true -Dfile.encoding=utf8 -XX:+UseParallelGC -XX:GCTimeRatio=4 -XX:AdaptiveSizePolicyWeight=90 -Dsun.zip.disableMemoryMapping=true -Xmx2G -Xms100m -Xlog:disable -javaagent:c:\Users\1\.trae-cn\extensions\redhat.java-1.53.0-win32-x64\lombok\lombok-1.18.39-4050.jar 
java_command: c:\Users\1\.trae-cn\extensions\redhat.java-1.53.0-win32-x64\server\plugins\org.eclipse.equinox.launcher_1.7.100.v20251111-0406.jar -configuration c:\Users\1\AppData\Roaming\Trae CN\User\globalStorage\redhat.java\1.53.0\config_ss_win -data c:\Users\1\AppData\Roaming\Trae CN\User\workspaceStorage\0301da3dde09e821a5fc0d72157c4c67\redhat.java\ss_ws --pipe=\\.\pipe\lsp-cf8ce112d1841403b667d4749e07b8cd-sock
java_class_path (initial): c:\Users\1\.trae-cn\extensions\redhat.java-1.53.0-win32-x64\server\plugins\org.eclipse.equinox.launcher_1.7.100.v20251111-0406.jar
Launcher Type: SUN_STANDARD

[Global flags]
    uintx AdaptiveSizePolicyWeight                 = 90                                        {product} {command line}
     intx CICompilerCount                          = 4                                         {product} {ergonomic}
    uintx GCTimeRatio                              = 4                                         {product} {command line}
   size_t InitialHeapSize                          = 104857600                                 {product} {command line}
   size_t MaxHeapSize                              = 2147483648                                {product} {command line}
   size_t MaxNewSize                               = 715653120                                 {product} {ergonomic}
   size_t MinHeapDeltaBytes                        = 524288                                    {product} {ergonomic}
   size_t MinHeapSize                              = 104857600                                 {product} {command line}
   size_t NewSize                                  = 34603008                                  {product} {ergonomic}
    uintx NonNMethodCodeHeapSize                   = 5839372                                {pd product} {ergonomic}
    uintx NonProfiledCodeHeapSize                  = 122909434                              {pd product} {ergonomic}
   size_t OldSize                                  = 70254592                                  {product} {ergonomic}
    uintx ProfiledCodeHeapSize                     = 122909434                              {pd product} {ergonomic}
    uintx ReservedCodeCacheSize                    = 251658240                              {pd product} {ergonomic}
     bool SegmentedCodeCache                       = true                                      {product} {ergonomic}
   size_t SoftMaxHeapSize                          = 2147483648                             {manageable} {ergonomic}
     bool UseCompressedOops                        = true                           {product lp64_product} {ergonomic}
     bool UseLargePagesIndividualAllocation        = false                                  {pd product} {ergonomic}
     bool UseParallelGC                            = true                                      {product} {command line}

Logging:
Log output configuration:
 #0: stdout all=off uptime,level,tags foldmultilines=false
 #1: stderr all=off uptime,level,tags foldmultilines=false

Release file:
JAVA_VERSION="21.0.10" 
MODULES="java.base java.compiler java.datatransfer java.xml java.prefs java.desktop java.instrument java.logging java.management java.security.sasl java.naming java.rmi java.management.rmi java.net.http java.scripting java.security.jgss java.transaction.xa java.sql java.sql.rowset java.xml.crypto java.se java.smartcardio jdk.accessibility jdk.internal.jvmstat jdk.attach jdk.charsets jdk.internal.opt jdk.zipfs jdk.compiler jdk.crypto.ec jdk.crypto.cryptoki jdk.crypto.mscapi jdk.dynalink jdk.internal.ed jdk.editpad jdk.hotspot.agent jdk.httpserver jdk.internal.le jdk.internal.vm.ci jdk.internal.vm.compiler jdk.internal.vm.compiler.management jdk.jartool jdk.javadoc jdk.jcmd jdk.management jdk.management.agent jdk.jconsole jdk.jdeps jdk.jdwp.agent jdk.jdi jdk.jfr jdk.jshell jdk.jsobject jdk.jstatd jdk.localedata jdk.management.jfr jdk.naming.dns jdk.naming.rmi jdk.net jdk.nio.mapmode jdk.random jdk.sctp jdk.security.auth jdk.security.jgss jdk.unsupported jdk.unsupported.desktop jdk.xml.dom" 

Environment Variables:
PATH=c:\Users\1\.trae-cn\tools\trae-gopls\current;c:\Users\1\.trae-cn\sdks\workspaces\0301da3d\versions\node\current;c:\Users\1\.trae-cn\sdks\versions\node\current;C:\Program Files\Common Files\Oracle\Java\javapath;C:\Program Files\Eclipse Adoptium\jdk-8.0.472.8-hotspot\bin;C:\Program Files (x86)\Common Files\Oracle\Java\java8path;C:\Program Files (x86)\Common Files\Oracle\Java\javapath;C:\WINDOWS\system32;C:\WINDOWS;C:\WINDOWS\System32\Wbem;C:\WINDOWS\System32\WindowsPowerShell\v1.0\;C:\WINDOWS\System32\OpenSSH\;C:\Program Files\dotnet\;C:\Program Files\python;C:\Program Files\python\Scripts;D:\BtSoft\panel\script;C:\Program Files\Bandizip\;C:\apache-maven-3.9.12-bin\bin;\bin;C:\Program Files\Eclipse Adoptium\jdk-8.0.472.8-hotspot\bin;C:\Program Files (x86)\VMware\VMware Workstation\bin\;C:\Program Files (x86)\Common Files\Oracle\Java\java8path;C:\Program Files (x86)\Common Files\Oracle\Java\javapath;C:\WINDOWS\system32;C:\WINDOWS;C:\WINDOWS\System32\Wbem;C:\WINDOWS\System32\WindowsPowerShell\v1.0\;C:\WINDOWS\System32\OpenSSH\;C:\Program Files\dotnet\;C:\Program Files\python;C:\Program Files\python\Scripts;D:\BtSoft\panel\script;C:\Program Files\Bandizip\;C:\apache-maven-3.9.12-bin\bin;\bin;C:\Program Files\Eclipse Adoptium\jdk-8.0.472.8-hotspot\bin;C:\Program Files (x86)\VMware\VMware Workstation\bin\;C:\Program Files (x86)\Common Files\Oracle\Java\java8path;C:\Program Files (x86)\Common Files\Oracle\Java\javapath;C:\WINDOWS\system32;C:\WINDOWS;C:\WINDOWS\System32\Wbem;C:\WINDOWS\System32\WindowsPowerShell\v1.0\;C:\WINDOWS\System32\OpenSSH\;C:\Program Files\dotnet\;C:\Program Files\python;C:\Program Files\python\Scripts;D:\BtSoft\panel\script;C:\Program Files\Bandizip\;C:\ap;c:\Users\1\AppData\Local\Programs\Trae CN\resources\app\bin\lib
USERNAME=XYZA_ĐˇŐĹ
OS=Windows_NT
PROCESSOR_IDENTIFIER=Intel64 Family 6 Model 154 Stepping 3, GenuineIntel
TMP=C:\Users\1\AppData\Local\Temp
TEMP=C:\Users\1\AppData\Local\Temp




Periodic native trim disabled

---------------  S Y S T E M  ---------------

OS:
 Windows 11 , 64 bit Build 26100 (10.0.26100.7920)
OS uptime: 2 days 12:48 hours

CPU: total 12 (initial active 12) (6 cores per cpu, 2 threads per core) family 6 model 154 stepping 3 microcode 0x423, cx8, cmov, fxsr, ht, mmx, 3dnowpref, sse, sse2, sse3, ssse3, sse4.1, sse4.2, popcnt, lzcnt, tsc, tscinvbit, avx, avx2, aes, erms, clmul, bmi1, bmi2, adx, sha, fma, vzeroupper, clflush, clflushopt, clwb, serialize, rdtscp, rdpid, fsrm, f16c, pku, cet_ibt, cet_ss
Processor Information for the first 12 processors :
  Max Mhz: 2000, Current Mhz: 2000, Mhz Limit: 2000

Memory: 4k page, system-wide physical 16092M (3254M free)
TotalPageFile size 46812M (AvailPageFile size 416M)
current process WorkingSet (physical memory assigned to process): 163M, peak: 165M
current process commit charge ("private bytes"): 300M, peak: 303M

vm_info: OpenJDK 64-Bit Server VM (21.0.10+7-LTS) for windows-amd64 JRE (21.0.10+7-LTS), built on 2026-01-20T00:00:00Z by "admin" with MS VC++ 17.12 (VS2022)

END.
